0 info it worked if it ends with ok
1 verbose cli [ 'C:\\Program Files\\nodejs\\node.exe',
1 verbose cli   'C:\\Program Files\\nodejs\\node_modules\\npm\\bin\\npm-cli.js',
1 verbose cli   'start' ]
2 info using npm@4.1.2
3 info using node@v7.7.1
4 verbose run-script [ 'prestart', 'start', 'poststart' ]
5 info lifecycle react-essential@1.0.0~prestart: react-essential@1.0.0
6 silly lifecycle react-essential@1.0.0~prestart: no script for prestart, continuing
7 info lifecycle react-essential@1.0.0~start: react-essential@1.0.0
8 verbose lifecycle react-essential@1.0.0~start: unsafe-perm in lifecycle true
9 verbose lifecycle react-essential@1.0.0~start: PATH: C:\Program Files\nodejs\node_modules\npm\bin\node-gyp-bin;C:\Users\Sinan\Videos\Programming\#Web Development\#React\Lynda - React.js Essential Training\Ex_Files_React_EssT\Ch06\06_04\finish\node_modules\.bin;C:\Program Files (x86)\Intel\iCLS Client\;C:\Program Files\Intel\iCLS Client\;C:\Windows\SYSTEM32;C:\Windows;C:\Windows\SYSTEM32\WBEM;C:\Windows\SYSTEM32\WINDOWSPOWERSHELL\V1.0\;C:\Program Files\Java\jdk1.8\bin;C:\Program Files\Microsoft SQL Server\130\Tools\Binn\;C:php\;C:\wamp64\bin\php\php5.6.16;C:\Program Files (x86)\Skype\Phone\;C:\Program Files\nodejs\;C:\Program Files (x86)\ATI Technologies\ATI.ACE\Core-Static;C:\Program Files\Intel\Intel(R) Management Engine Components\DAL;C:\Program Files\Intel\Intel(R) Management Engine Components\IPT;C:\Program Files (x86)\Intel\Intel(R) Management Engine Components\DAL;C:\Program Files (x86)\Intel\Intel(R) Management Engine Components\IPT;C:\Program Files\Calibre2\;C:\Users\Sinan\AppData\Roaming\npm
10 verbose lifecycle react-essential@1.0.0~start: CWD: C:\Users\Sinan\Videos\Programming\#Web Development\#React\Lynda - React.js Essential Training\Ex_Files_React_EssT\Ch06\06_04\finish
11 silly lifecycle react-essential@1.0.0~start: Args: [ '/d /s /c', 'webpack-dev-server' ]
12 silly lifecycle react-essential@1.0.0~start: Returned: code: 3221225786  signal: null
13 info lifecycle react-essential@1.0.0~start: Failed to exec start script
14 verbose stack Error: react-essential@1.0.0 start: `webpack-dev-server`
14 verbose stack Exit status 3221225786
14 verbose stack     at EventEmitter.<anonymous> (C:\Program Files\nodejs\node_modules\npm\lib\utils\lifecycle.js:279:16)
14 verbose stack     at emitTwo (events.js:106:13)
14 verbose stack     at EventEmitter.emit (events.js:194:7)
14 verbose stack     at ChildProcess.<anonymous> (C:\Program Files\nodejs\node_modules\npm\lib\utils\spawn.js:40:14)
14 verbose stack     at emitTwo (events.js:106:13)
14 verbose stack     at ChildProcess.emit (events.js:194:7)
14 verbose stack     at maybeClose (internal/child_process.js:899:16)
14 verbose stack     at Process.ChildProcess._handle.onexit (internal/child_process.js:226:5)
15 verbose pkgid react-essential@1.0.0
16 verbose cwd C:\Users\Sinan\Videos\Programming\#Web Development\#React\Lynda - React.js Essential Training\Ex_Files_React_EssT\Ch06\06_04\finish
17 error Windows_NT 6.3.9600
18 error argv "C:\\Program Files\\nodejs\\node.exe" "C:\\Program Files\\nodejs\\node_modules\\npm\\bin\\npm-cli.js" "start"
19 error node v7.7.1
20 error npm  v4.1.2
21 error code ELIFECYCLE
22 error react-essential@1.0.0 start: `webpack-dev-server`
22 error Exit status 3221225786
23 error Failed at the react-essential@1.0.0 start script 'webpack-dev-server'.
23 error Make sure you have the latest version of node.js and npm installed.
23 error If you do, this is most likely a problem with the react-essential package,
23 error not with npm itself.
23 error Tell the author that this fails on your system:
23 error     webpack-dev-server
23 error You can get information on how to open an issue for this project with:
23 error     npm bugs react-essential
23 error Or if that isn't available, you can get their info via:
23 error     npm owner ls react-essential
23 error There is likely additional logging output above.
24 verbose exit [ 1, true ]
