0 info it worked if it ends with ok
1 verbose cli [ 'C:\\Program Files\\nodejs\\node.exe',
1 verbose cli   'C:\\Program Files\\nodejs\\node_modules\\npm\\bin\\npm-cli.js',
1 verbose cli   'start' ]
2 info using npm@4.1.2
3 info using node@v7.7.1
4 verbose run-script [ 'prestart', 'start', 'poststart' ]
5 info lifecycle react-router-demo@0.0.1~prestart: react-router-demo@0.0.1
6 verbose lifecycle react-router-demo@0.0.1~prestart: unsafe-perm in lifecycle true
7 verbose lifecycle react-router-demo@0.0.1~prestart: PATH: C:\Program Files\nodejs\node_modules\npm\bin\node-gyp-bin;C:\Users\Sinan\Videos\Programming\#Web Development\#React\Lynda - React.js Essential Training\Ex_Files_React_EssT\Ch07\07_04\finish\node_modules\.bin;C:\Program Files (x86)\Intel\iCLS Client\;C:\Program Files\Intel\iCLS Client\;C:\Windows\SYSTEM32;C:\Windows;C:\Windows\SYSTEM32\WBEM;C:\Windows\SYSTEM32\WINDOWSPOWERSHELL\V1.0\;C:\Program Files\Java\jdk1.8\bin;C:\Program Files\Microsoft SQL Server\130\Tools\Binn\;C:php\;C:\wamp64\bin\php\php5.6.16;C:\Program Files (x86)\Skype\Phone\;C:\Program Files\nodejs\;C:\Program Files (x86)\ATI Technologies\ATI.ACE\Core-Static;C:\Program Files\Intel\Intel(R) Management Engine Components\DAL;C:\Program Files\Intel\Intel(R) Management Engine Components\IPT;C:\Program Files (x86)\Intel\Intel(R) Management Engine Components\DAL;C:\Program Files (x86)\Intel\Intel(R) Management Engine Components\IPT;C:\Program Files\Calibre2\;C:\Users\Sinan\AppData\Roaming\npm
8 verbose lifecycle react-router-demo@0.0.1~prestart: CWD: C:\Users\Sinan\Videos\Programming\#Web Development\#React\Lynda - React.js Essential Training\Ex_Files_React_EssT\Ch07\07_04\finish
9 silly lifecycle react-router-demo@0.0.1~prestart: Args: [ '/d /s /c', 'webpack' ]
10 silly lifecycle react-router-demo@0.0.1~prestart: Returned: code: 0  signal: null
11 info lifecycle react-router-demo@0.0.1~start: react-router-demo@0.0.1
12 verbose lifecycle react-router-demo@0.0.1~start: unsafe-perm in lifecycle true
13 verbose lifecycle react-router-demo@0.0.1~start: PATH: C:\Program Files\nodejs\node_modules\npm\bin\node-gyp-bin;C:\Users\Sinan\Videos\Programming\#Web Development\#React\Lynda - React.js Essential Training\Ex_Files_React_EssT\Ch07\07_04\finish\node_modules\.bin;C:\Program Files (x86)\Intel\iCLS Client\;C:\Program Files\Intel\iCLS Client\;C:\Windows\SYSTEM32;C:\Windows;C:\Windows\SYSTEM32\WBEM;C:\Windows\SYSTEM32\WINDOWSPOWERSHELL\V1.0\;C:\Program Files\Java\jdk1.8\bin;C:\Program Files\Microsoft SQL Server\130\Tools\Binn\;C:php\;C:\wamp64\bin\php\php5.6.16;C:\Program Files (x86)\Skype\Phone\;C:\Program Files\nodejs\;C:\Program Files (x86)\ATI Technologies\ATI.ACE\Core-Static;C:\Program Files\Intel\Intel(R) Management Engine Components\DAL;C:\Program Files\Intel\Intel(R) Management Engine Components\IPT;C:\Program Files (x86)\Intel\Intel(R) Management Engine Components\DAL;C:\Program Files (x86)\Intel\Intel(R) Management Engine Components\IPT;C:\Program Files\Calibre2\;C:\Users\Sinan\AppData\Roaming\npm
14 verbose lifecycle react-router-demo@0.0.1~start: CWD: C:\Users\Sinan\Videos\Programming\#Web Development\#React\Lynda - React.js Essential Training\Ex_Files_React_EssT\Ch07\07_04\finish
15 silly lifecycle react-router-demo@0.0.1~start: Args: [ '/d /s /c', 'webpack-dev-server' ]
16 silly lifecycle react-router-demo@0.0.1~start: Returned: code: 3221225786  signal: null
17 info lifecycle react-router-demo@0.0.1~start: Failed to exec start script
18 verbose stack Error: react-router-demo@0.0.1 start: `webpack-dev-server`
18 verbose stack Exit status 3221225786
18 verbose stack     at EventEmitter.<anonymous> (C:\Program Files\nodejs\node_modules\npm\lib\utils\lifecycle.js:279:16)
18 verbose stack     at emitTwo (events.js:106:13)
18 verbose stack     at EventEmitter.emit (events.js:194:7)
18 verbose stack     at ChildProcess.<anonymous> (C:\Program Files\nodejs\node_modules\npm\lib\utils\spawn.js:40:14)
18 verbose stack     at emitTwo (events.js:106:13)
18 verbose stack     at ChildProcess.emit (events.js:194:7)
18 verbose stack     at maybeClose (internal/child_process.js:899:16)
18 verbose stack     at Process.ChildProcess._handle.onexit (internal/child_process.js:226:5)
19 verbose pkgid react-router-demo@0.0.1
20 verbose cwd C:\Users\Sinan\Videos\Programming\#Web Development\#React\Lynda - React.js Essential Training\Ex_Files_React_EssT\Ch07\07_04\finish
21 error Windows_NT 6.3.9600
22 error argv "C:\\Program Files\\nodejs\\node.exe" "C:\\Program Files\\nodejs\\node_modules\\npm\\bin\\npm-cli.js" "start"
23 error node v7.7.1
24 error npm  v4.1.2
25 error code ELIFECYCLE
26 error react-router-demo@0.0.1 start: `webpack-dev-server`
26 error Exit status 3221225786
27 error Failed at the react-router-demo@0.0.1 start script 'webpack-dev-server'.
27 error Make sure you have the latest version of node.js and npm installed.
27 error If you do, this is most likely a problem with the react-router-demo package,
27 error not with npm itself.
27 error Tell the author that this fails on your system:
27 error     webpack-dev-server
27 error You can get information on how to open an issue for this project with:
27 error     npm bugs react-router-demo
27 error Or if that isn't available, you can get their info via:
27 error     npm owner ls react-router-demo
27 error There is likely additional logging output above.
28 verbose exit [ 1, true ]
